M	Makefile
Your branch is up to date with 'origin/master'.
[master 3e92e66] New commit
 2 files changed, 10 insertions(+)
 create mode 100644 .local.git.out
M	.local.git.out
Your branch is up to date with 'origin/master'.
[master 4356707] New commit
 1 file changed, 5 insertions(+)
M	.local.git.out
M	Makefile
Your branch is up to date with 'origin/master'.
[master 9b23e87] New commit
 2 files changed, 6 insertions(+), 1 deletion(-)
M	.local.git.out
M	Makefile
Your branch is up to date with 'origin/master'.
[master 1c1ff87] New commit
 2 files changed, 6 insertions(+), 1 deletion(-)
M	.local.git.out
M	Makefile
Your branch is up to date with 'origin/master'.
[master 67148cd] New commit
 2 files changed, 8 insertions(+), 1 deletion(-)
M	.local.git.out
M	ping_server.h
Your branch is up to date with 'origin/master'.
[master 7a4c5b4] New commit
 2 files changed, 11 insertions(+), 1 deletion(-)
M	.local.git.out
M	Makefile
M	ping_server.c
M	ping_server.h
Your branch is up to date with 'origin/master'.
[master ddb44c4] New commit
 5 files changed, 69 insertions(+), 1 deletion(-)
 create mode 100644 .ping_server.h.swp
M	.local.git.out
M	ping_server.c
Your branch is up to date with 'origin/master'.
[master 22d1f38] New commit
 2 files changed, 8 insertions(+), 2 deletions(-)
M	.local.git.out
M	ping_server.c
Your branch is up to date with 'origin/master'.
[master 9fed3d8] New commit
 2 files changed, 22 insertions(+)
M	.local.git.out
M	ping_server.c
Your branch is up to date with 'origin/master'.
[master 44957ab] New commit
 2 files changed, 6 insertions(+), 1 deletion(-)
M	.local.git.out
M	.ping_server.h.swp
M	ping_server.c
M	ping_server.h
Your branch is up to date with 'origin/master'.
[master ce5b932] New commit
 4 files changed, 52 insertions(+), 3 deletions(-)
M	.local.git.out
D	.ping_server.h.swp
Your branch is up to date with 'origin/master'.
[master 06da562] New commit
 2 files changed, 5 insertions(+)
 rename .ping_server.h.swp => .ping_server.c.swp (69%)
M	.local.git.out
D	.ping_server.c.swp
M	ping_server.c
Your branch is up to date with 'origin/master'.
[master dcf95a2] New commit
 3 files changed, 11 insertions(+), 4 deletions(-)
 delete mode 100644 .ping_server.c.swp
M	.local.git.out
Your branch is up to date with 'origin/master'.
[master ae98113] New commit
 1 file changed, 5 insertions(+)
M	.local.git.out
Your branch is up to date with 'origin/master'.
[master 8aa22db] New commit
 1 file changed, 4 insertions(+)
M	.local.git.out
Your branch is up to date with 'origin/master'.
[master 6e3cfd1] New commit
 1 file changed, 4 insertions(+)
M	.local.git.out
M	Makefile
M	ping_server.c
Your branch is up to date with 'origin/master'.
[master 364f596] New commit
 4 files changed, 8 insertions(+), 2 deletions(-)
 create mode 100644 ping_server
M	.local.git.out
M	Makefile
M	ping_server
Your branch is up to date with 'origin/master'.
[master 798451b] New commit
 3 files changed, 9 insertions(+), 2 deletions(-)
 rewrite ping_server (99%)
 mode change 100644 => 100755
M	.local.git.out
D	ping_server
Your branch is up to date with 'origin/master'.
[master 6cda867] New commit
 2 files changed, 7 insertions(+)
 delete mode 100755 ping_server
M	.local.git.out
M	Makefile
Your branch is up to date with 'origin/master'.
[master 68852b3] New commit
 3 files changed, 7 insertions(+), 1 deletion(-)
 create mode 100755 ping_server
M	.local.git.out
D	ping_server
Your branch is up to date with 'origin/master'.
[master 854859c] New commit
 2 files changed, 6 insertions(+)
 delete mode 100755 ping_server
M	.local.git.out
M	ping_server.c
Your branch is up to date with 'origin/master'.
[master fff7a75] New commit
 2 files changed, 7 insertions(+), 1 deletion(-)
M	.local.git.out
M	ping_server.c
Your branch is up to date with 'origin/master'.
[master 95c7709] New commit
 2 files changed, 10 insertions(+), 2 deletions(-)
M	.local.git.out
M	ping_server.c
Your branch is up to date with 'origin/master'.
[master e4870d9] New commit
 2 files changed, 6 insertions(+), 2 deletions(-)
M	.local.git.out
M	ping_server.c
Your branch is up to date with 'origin/master'.
[master c7219ad] New commit
 3 files changed, 6 insertions(+), 1 deletion(-)
 create mode 100644 ping_server
M	.local.git.out
D	ping_server
M	ping_server.c
Your branch is up to date with 'origin/master'.
[master d57aed6] New commit
 3 files changed, 8 insertions(+), 1 deletion(-)
 delete mode 100644 ping_server
M	.local.git.out
Your branch is up to date with 'origin/master'.
[master f8dcb62] New commit
 1 file changed, 5 insertions(+)
M	.local.git.out
M	ping_server.c
Your branch is up to date with 'origin/master'.
[master e6b71b5] New commit
 2 files changed, 6 insertions(+), 1 deletion(-)
M	.local.git.out
M	ping_server.c
Your branch is up to date with 'origin/master'.
[master cab732b] New commit
 2 files changed, 6 insertions(+), 1 deletion(-)
M	.local.git.out
M	ping_server.c
Your branch is up to date with 'origin/master'.
[master 3928a1b] New commit
 3 files changed, 77 insertions(+), 2 deletions(-)
 create mode 100644 .ping_server.h.swp
M	.local.git.out
D	.ping_server.h.swp
Your branch is up to date with 'origin/master'.
[master 3ef04fe] New commit
 3 files changed, 6 insertions(+)
 delete mode 100644 .ping_server.h.swp
 create mode 100644 ping_server
M	.local.git.out
M	ping_server
M	ping_server.c
Your branch is up to date with 'origin/master'.
[master 84d0d3a] New commit
 3 files changed, 26 insertions(+), 18 deletions(-)
M	.local.git.out
M	ping_server
M	ping_server.c
Your branch is up to date with 'origin/master'.
[master db25611] New commit
 3 files changed, 9 insertions(+), 2 deletions(-)
M	.local.git.out
M	ping_server
M	ping_server.c
Your branch is up to date with 'origin/master'.
[master 77d64e3] New commit
 3 files changed, 7 insertions(+), 1 deletion(-)
M	.local.git.out
M	ping_server
M	ping_server.c
Your branch is up to date with 'origin/master'.
[master 4cfc85f] New commit
 3 files changed, 7 insertions(+), 2 deletions(-)
M	.local.git.out
M	ping_server
M	ping_server.c
Your branch is up to date with 'origin/master'.
[master 0098249] New commit
 3 files changed, 7 insertions(+), 1 deletion(-)
M	.local.git.out
M	ping_server
M	ping_server.c
Your branch is up to date with 'origin/master'.
[master 8a60a0b] New commit
 3 files changed, 64 insertions(+), 12 deletions(-)
 rewrite ping_server (99%)
 mode change 100644 => 100755
M	.local.git.out
M	ping_server
M	ping_server.c
M	ping_server.h
Your branch is up to date with 'origin/master'.
[master 2ed3934] New commit
 4 files changed, 14 insertions(+), 5 deletions(-)
M	.local.git.out
M	ping_server
M	ping_server.c
Your branch is up to date with 'origin/master'.
[master 7c6eecd] New commit
 3 files changed, 9 insertions(+), 3 deletions(-)
M	.local.git.out
D	ping_server
M	ping_server.c
Your branch is up to date with 'origin/master'.
[master 26318be] New commit
 3 files changed, 9 insertions(+)
 delete mode 100755 ping_server
M	.local.git.out
M	ping_server.c
Your branch is up to date with 'origin/master'.
